{"/home/cenz/dev/javascript/string-lib/test.js":{"path":"/home/cenz/dev/javascript/string-lib/test.js","s":{"1":1,"2":1,"3":1,"4":1,"5":1,"6":1,"7":1,"8":1,"9":1,"10":1,"11":1,"12":1,"13":1,"14":1,"15":1,"16":1,"17":1,"18":1,"19":1,"20":1,"21":1,"22":1,"23":1,"24":1,"25":1,"26":1,"27":1,"28":1,"29":1,"30":1,"31":1,"32":1,"33":1,"34":1,"35":1,"36":1,"37":1,"38":1,"39":1,"40":1,"41":1,"42":1,"43":1,"44":1,"45":1,"46":1,"47":1,"48":1,"49":1},"b":{},"f":{},"fnMap":{},"statementMap":{"1":{"start":{"line":3,"column":0},"end":{"line":3,"column":17}},"2":{"start":{"line":4,"column":0},"end":{"line":4,"column":33}},"3":{"start":{"line":5,"column":0},"end":{"line":5,"column":14}},"4":{"start":{"line":7,"column":0},"end":{"line":108,"column":3}},"5":{"start":{"line":8,"column":2},"end":{"line":15,"column":5}},"6":{"start":{"line":9,"column":4},"end":{"line":9,"column":44}},"7":{"start":{"line":10,"column":4},"end":{"line":10,"column":52}},"8":{"start":{"line":11,"column":4},"end":{"line":11,"column":40}},"9":{"start":{"line":12,"column":4},"end":{"line":12,"column":42}},"10":{"start":{"line":13,"column":4},"end":{"line":13,"column":54}},"11":{"start":{"line":14,"column":4},"end":{"line":14,"column":47}},"12":{"start":{"line":17,"column":2},"end":{"line":26,"column":5}},"13":{"start":{"line":18,"column":4},"end":{"line":18,"column":41}},"14":{"start":{"line":19,"column":4},"end":{"line":19,"column":57}},"15":{"start":{"line":20,"column":4},"end":{"line":23,"column":6}},"16":{"start":{"line":24,"column":4},"end":{"line":24,"column":58}},"17":{"start":{"line":25,"column":4},"end":{"line":25,"column":52}},"18":{"start":{"line":28,"column":2},"end":{"line":41,"column":5}},"19":{"start":{"line":29,"column":4},"end":{"line":29,"column":75}},"20":{"start":{"line":30,"column":4},"end":{"line":30,"column":77}},"21":{"start":{"line":31,"column":4},"end":{"line":34,"column":6}},"22":{"start":{"line":36,"column":4},"end":{"line":39,"column":6}},"23":{"start":{"line":40,"column":4},"end":{"line":40,"column":77}},"24":{"start":{"line":43,"column":2},"end":{"line":48,"column":5}},"25":{"start":{"line":44,"column":4},"end":{"line":44,"column":55}},"26":{"start":{"line":45,"column":4},"end":{"line":45,"column":55}},"27":{"start":{"line":46,"column":4},"end":{"line":46,"column":67}},"28":{"start":{"line":47,"column":4},"end":{"line":47,"column":53}},"29":{"start":{"line":50,"column":2},"end":{"line":57,"column":5}},"30":{"start":{"line":51,"column":4},"end":{"line":51,"column":52}},"31":{"start":{"line":52,"column":4},"end":{"line":52,"column":62}},"32":{"start":{"line":53,"column":4},"end":{"line":56,"column":6}},"33":{"start":{"line":59,"column":2},"end":{"line":76,"column":5}},"34":{"start":{"line":60,"column":4},"end":{"line":63,"column":6}},"35":{"start":{"line":64,"column":4},"end":{"line":67,"column":6}},"36":{"start":{"line":68,"column":4},"end":{"line":71,"column":6}},"37":{"start":{"line":72,"column":4},"end":{"line":75,"column":6}},"38":{"start":{"line":78,"column":2},"end":{"line":89,"column":5}},"39":{"start":{"line":79,"column":4},"end":{"line":79,"column":58}},"40":{"start":{"line":81,"column":4},"end":{"line":84,"column":6}},"41":{"start":{"line":85,"column":4},"end":{"line":88,"column":6}},"42":{"start":{"line":91,"column":2},"end":{"line":98,"column":5}},"43":{"start":{"line":92,"column":4},"end":{"line":92,"column":63}},"44":{"start":{"line":93,"column":4},"end":{"line":96,"column":6}},"45":{"start":{"line":97,"column":4},"end":{"line":97,"column":79}},"46":{"start":{"line":100,"column":2},"end":{"line":107,"column":5}},"47":{"start":{"line":101,"column":4},"end":{"line":101,"column":62}},"48":{"start":{"line":102,"column":4},"end":{"line":105,"column":6}},"49":{"start":{"line":106,"column":4},"end":{"line":106,"column":76}}},"branchMap":{}},"/home/cenz/dev/javascript/string-lib/index.js":{"path":"/home/cenz/dev/javascript/string-lib/index.js","s":{"1":1,"2":20,"3":20,"4":1,"5":5,"6":1,"7":5,"8":5,"9":5,"10":27,"11":14,"12":27,"13":5,"14":1,"15":4,"16":4,"17":4,"18":45,"19":35,"20":35,"21":45,"22":4,"23":1,"24":3,"25":3,"26":3,"27":48,"28":21,"29":21,"30":48,"31":3,"32":1,"33":13,"34":13,"35":13,"36":1,"37":3,"38":3,"39":3,"40":3,"41":1,"42":3,"43":3,"44":3,"45":3,"46":1,"47":3,"48":3,"49":3,"50":47,"51":47,"52":8,"53":47,"54":39,"55":3},"b":{"1":[14,13],"2":[35,10],"3":[18,17],"4":[21,27],"5":[11,10],"6":[8,39],"7":[47,44],"8":[39,8]},"f":{"1":20,"2":5,"3":5,"4":4,"5":3,"6":13,"7":3,"8":3,"9":3},"fnMap":{"1":{"name":"(anonymous_1)","line":8,"loc":{"start":{"line":8,"column":30},"end":{"line":8,"column":41}}},"2":{"name":"(anonymous_2)","line":20,"loc":{"start":{"line":20,"column":27},"end":{"line":20,"column":38}}},"3":{"name":"(anonymous_3)","line":31,"loc":{"start":{"line":31,"column":35},"end":{"line":31,"column":46}}},"4":{"name":"(anonymous_4)","line":66,"loc":{"start":{"line":66,"column":27},"end":{"line":66,"column":38}}},"5":{"name":"(anonymous_5)","line":89,"loc":{"start":{"line":89,"column":28},"end":{"line":89,"column":39}}},"6":{"name":"(anonymous_6)","line":112,"loc":{"start":{"line":112,"column":41},"end":{"line":112,"column":52}}},"7":{"name":"(anonymous_7)","line":127,"loc":{"start":{"line":127,"column":29},"end":{"line":127,"column":40}}},"8":{"name":"(anonymous_8)","line":142,"loc":{"start":{"line":142,"column":29},"end":{"line":142,"column":40}}},"9":{"name":"(anonymous_9)","line":156,"loc":{"start":{"line":156,"column":29},"end":{"line":156,"column":40}}}},"statementMap":{"1":{"start":{"line":8,"column":0},"end":{"line":11,"column":2}},"2":{"start":{"line":9,"column":2},"end":{"line":9,"column":42}},"3":{"start":{"line":10,"column":2},"end":{"line":10,"column":48}},"4":{"start":{"line":20,"column":0},"end":{"line":22,"column":2}},"5":{"start":{"line":21,"column":2},"end":{"line":21,"column":28}},"6":{"start":{"line":31,"column":0},"end":{"line":57,"column":2}},"7":{"start":{"line":32,"column":2},"end":{"line":43,"column":4}},"8":{"start":{"line":45,"column":2},"end":{"line":45,"column":30}},"9":{"start":{"line":49,"column":2},"end":{"line":54,"column":3}},"10":{"start":{"line":50,"column":4},"end":{"line":52,"column":5}},"11":{"start":{"line":51,"column":6},"end":{"line":51,"column":31}},"12":{"start":{"line":53,"column":4},"end":{"line":53,"column":32}},"13":{"start":{"line":56,"column":2},"end":{"line":56,"column":36}},"14":{"start":{"line":66,"column":0},"end":{"line":80,"column":2}},"15":{"start":{"line":67,"column":2},"end":{"line":67,"column":18}},"16":{"start":{"line":68,"column":2},"end":{"line":68,"column":18}},"17":{"start":{"line":71,"column":2},"end":{"line":77,"column":3}},"18":{"start":{"line":72,"column":4},"end":{"line":75,"column":5}},"19":{"start":{"line":73,"column":6},"end":{"line":73,"column":59}},"20":{"start":{"line":74,"column":6},"end":{"line":74,"column":19}},"21":{"start":{"line":76,"column":4},"end":{"line":76,"column":26}},"22":{"start":{"line":79,"column":2},"end":{"line":79,"column":29}},"23":{"start":{"line":89,"column":0},"end":{"line":103,"column":2}},"24":{"start":{"line":90,"column":2},"end":{"line":90,"column":18}},"25":{"start":{"line":91,"column":2},"end":{"line":91,"column":18}},"26":{"start":{"line":93,"column":2},"end":{"line":100,"column":3}},"27":{"start":{"line":94,"column":4},"end":{"line":97,"column":5}},"28":{"start":{"line":95,"column":6},"end":{"line":95,"column":58}},"29":{"start":{"line":96,"column":6},"end":{"line":96,"column":19}},"30":{"start":{"line":99,"column":4},"end":{"line":99,"column":26}},"31":{"start":{"line":102,"column":2},"end":{"line":102,"column":29}},"32":{"start":{"line":112,"column":0},"end":{"line":118,"column":2}},"33":{"start":{"line":115,"column":2},"end":{"line":115,"column":29}},"34":{"start":{"line":116,"column":2},"end":{"line":116,"column":42}},"35":{"start":{"line":117,"column":2},"end":{"line":117,"column":23}},"36":{"start":{"line":127,"column":0},"end":{"line":132,"column":2}},"37":{"start":{"line":128,"column":2},"end":{"line":128,"column":50}},"38":{"start":{"line":129,"column":2},"end":{"line":129,"column":24}},"39":{"start":{"line":130,"column":2},"end":{"line":130,"column":50}},"40":{"start":{"line":131,"column":2},"end":{"line":131,"column":16}},"41":{"start":{"line":142,"column":0},"end":{"line":147,"column":2}},"42":{"start":{"line":143,"column":2},"end":{"line":143,"column":50}},"43":{"start":{"line":144,"column":2},"end":{"line":144,"column":24}},"44":{"start":{"line":145,"column":2},"end":{"line":145,"column":50}},"45":{"start":{"line":146,"column":2},"end":{"line":146,"column":16}},"46":{"start":{"line":156,"column":0},"end":{"line":177,"column":2}},"47":{"start":{"line":157,"column":2},"end":{"line":157,"column":50}},"48":{"start":{"line":158,"column":2},"end":{"line":158,"column":24}},"49":{"start":{"line":162,"column":2},"end":{"line":175,"column":3}},"50":{"start":{"line":163,"column":4},"end":{"line":163,"column":33}},"51":{"start":{"line":167,"column":4},"end":{"line":169,"column":5}},"52":{"start":{"line":168,"column":6},"end":{"line":168,"column":40}},"53":{"start":{"line":172,"column":4},"end":{"line":174,"column":5}},"54":{"start":{"line":173,"column":6},"end":{"line":173,"column":32}},"55":{"start":{"line":176,"column":2},"end":{"line":176,"column":29}}},"branchMap":{"1":{"line":50,"type":"if","locations":[{"start":{"line":50,"column":4},"end":{"line":50,"column":4}},{"start":{"line":50,"column":4},"end":{"line":50,"column":4}}]},"2":{"line":72,"type":"if","locations":[{"start":{"line":72,"column":4},"end":{"line":72,"column":4}},{"start":{"line":72,"column":4},"end":{"line":72,"column":4}}]},"3":{"line":73,"type":"cond-expr","locations":[{"start":{"line":73,"column":33},"end":{"line":73,"column":37}},{"start":{"line":73,"column":40},"end":{"line":73,"column":58}}]},"4":{"line":94,"type":"if","locations":[{"start":{"line":94,"column":4},"end":{"line":94,"column":4}},{"start":{"line":94,"column":4},"end":{"line":94,"column":4}}]},"5":{"line":95,"type":"cond-expr","locations":[{"start":{"line":95,"column":32},"end":{"line":95,"column":50}},{"start":{"line":95,"column":53},"end":{"line":95,"column":57}}]},"6":{"line":167,"type":"if","locations":[{"start":{"line":167,"column":4},"end":{"line":167,"column":4}},{"start":{"line":167,"column":4},"end":{"line":167,"column":4}}]},"7":{"line":167,"type":"binary-expr","locations":[{"start":{"line":167,"column":8},"end":{"line":167,"column":14}},{"start":{"line":167,"column":18},"end":{"line":167,"column":43}}]},"8":{"line":172,"type":"if","locations":[{"start":{"line":172,"column":4},"end":{"line":172,"column":4}},{"start":{"line":172,"column":4},"end":{"line":172,"column":4}}]}}}}