TN:
SF:/home/cenz/dev/javascript/string-lib/test.js
FNF:0
FNH:0
DA:3,1
DA:4,1
DA:5,1
DA:7,1
DA:8,1
DA:9,1
DA:10,1
DA:11,1
DA:12,1
DA:13,1
DA:14,1
DA:17,1
DA:18,1
DA:19,1
DA:20,1
DA:24,1
DA:25,1
DA:28,1
DA:29,1
DA:30,1
DA:31,1
DA:36,1
DA:40,1
DA:43,1
DA:44,1
DA:45,1
DA:46,1
DA:47,1
DA:50,1
DA:51,1
DA:52,1
DA:53,1
DA:59,1
DA:60,1
DA:64,1
DA:68,1
DA:72,1
DA:78,1
DA:79,1
DA:81,1
DA:85,1
DA:91,1
DA:92,1
DA:93,1
DA:97,1
DA:100,1
DA:101,1
DA:102,1
DA:106,1
LF:49
LH:49
BRF:0
BRH:0
end_of_record
TN:
SF:/home/cenz/dev/javascript/string-lib/index.js
FN:8,(anonymous_1)
FN:20,(anonymous_2)
FN:31,(anonymous_3)
FN:66,(anonymous_4)
FN:89,(anonymous_5)
FN:112,(anonymous_6)
FN:127,(anonymous_7)
FN:142,(anonymous_8)
FN:156,(anonymous_9)
FNF:9
FNH:9
FNDA:20,(anonymous_1)
FNDA:5,(anonymous_2)
FNDA:5,(anonymous_3)
FNDA:4,(anonymous_4)
FNDA:3,(anonymous_5)
FNDA:13,(anonymous_6)
FNDA:3,(anonymous_7)
FNDA:3,(anonymous_8)
FNDA:3,(anonymous_9)
DA:8,1
DA:9,20
DA:10,20
DA:20,1
DA:21,5
DA:31,1
DA:32,5
DA:45,5
DA:49,5
DA:50,27
DA:51,14
DA:53,27
DA:56,5
DA:66,1
DA:67,4
DA:68,4
DA:71,4
DA:72,45
DA:73,35
DA:74,35
DA:76,45
DA:79,4
DA:89,1
DA:90,3
DA:91,3
DA:93,3
DA:94,48
DA:95,21
DA:96,21
DA:99,48
DA:102,3
DA:112,1
DA:115,13
DA:116,13
DA:117,13
DA:127,1
DA:128,3
DA:129,3
DA:130,3
DA:131,3
DA:142,1
DA:143,3
DA:144,3
DA:145,3
DA:146,3
DA:156,1
DA:157,3
DA:158,3
DA:162,3
DA:163,47
DA:167,47
DA:168,8
DA:172,47
DA:173,39
DA:176,3
LF:55
LH:55
BRDA:50,1,0,14
BRDA:50,1,1,13
BRDA:72,2,0,35
BRDA:72,2,1,10
BRDA:73,3,0,18
BRDA:73,3,1,17
BRDA:94,4,0,21
BRDA:94,4,1,27
BRDA:95,5,0,11
BRDA:95,5,1,10
BRDA:167,6,0,8
BRDA:167,6,1,39
BRDA:167,7,0,47
BRDA:167,7,1,44
BRDA:172,8,0,39
BRDA:172,8,1,8
BRF:16
BRH:16
end_of_record
